<?xml version="1.0" encoding="UTF-8"?>
<testng-results ignored="0" total="1" passed="1" failed="0" skipped="0">
  <reporter-output>
  </reporter-output>
  <suite started-at="2022-06-12T13:55:08 ICT" name="Suite" finished-at="2022-06-12T13:55:17 ICT" duration-ms="9161">
    <groups>
    </groups>
    <test started-at="2022-06-12T13:55:08 ICT" name="Test" finished-at="2022-06-12T13:55:17 ICT" duration-ms="9161">
      <class name="qaautomation.tugas3.WebTestSauceDemo">
        <test-method is-config="true" signature="setUp()[pri:0, instance:qaautomation.tugas3.WebTestSauceDemo@74a6f9c1]" started-at="2022-06-12T13:55:08 ICT" name="setUp" finished-at="2022-06-12T13:55:14 ICT" duration-ms="5609" status="PASS">
          <reporter-output>
          </reporter-output>
        </test-method> <!-- setUp -->
        <test-method signature="testLogin()[pri:0, instance:qaautomation.tugas3.WebTestSauceDemo@74a6f9c1]" started-at="2022-06-12T13:55:14 ICT" name="testLogin" finished-at="2022-06-12T13:55:17 ICT" duration-ms="2971" status="PASS">
          <reporter-output>
          </reporter-output>
        </test-method> <!-- testLogin -->
        <test-method is-config="true" signature="tearDown()[pri:0, instance:qaautomation.tugas3.WebTestSauceDemo@74a6f9c1]" started-at="2022-06-12T13:55:17 ICT" name="tearDown" finished-at="2022-06-12T13:55:17 ICT" duration-ms="205" status="PASS">
          <reporter-output>
          </reporter-output>
        </test-method> <!-- tearDown -->
      </class> <!-- qaautomation.tugas3.WebTestSauceDemo -->
    </test> <!-- Test -->
  </suite> <!-- Suite -->
</testng-results>
