<?xml version="1.0" encoding="UTF-8"?>
<testng-results ignored="0" total="1" passed="1" failed="0" skipped="0">
  <reporter-output>
  </reporter-output>
  <suite started-at="2022-06-12T13:48:53 ICT" name="Default suite" finished-at="2022-06-12T13:49:09 ICT" duration-ms="16681">
    <groups>
    </groups>
    <test started-at="2022-06-12T13:48:53 ICT" name="Default test" finished-at="2022-06-12T13:49:09 ICT" duration-ms="16681">
      <class name="qaautomation.tugas4.WebTestYopMail">
        <test-method is-config="true" signature="setUp()[pri:0, instance:qaautomation.tugas4.WebTestYopMail@20ca951f]" started-at="2022-06-12T13:48:53 ICT" name="setUp" finished-at="2022-06-12T13:49:03 ICT" duration-ms="10337" status="PASS">
          <reporter-output>
          </reporter-output>
        </test-method> <!-- setUp -->
        <test-method signature="testLogin()[pri:0, instance:qaautomation.tugas4.WebTestYopMail@20ca951f]" started-at="2022-06-12T13:49:03 ICT" name="testLogin" finished-at="2022-06-12T13:49:09 ICT" duration-ms="5662" status="PASS">
          <reporter-output>
          </reporter-output>
        </test-method> <!-- testLogin -->
        <test-method is-config="true" signature="tearDown()[pri:0, instance:qaautomation.tugas4.WebTestYopMail@20ca951f]" started-at="2022-06-12T13:49:09 ICT" name="tearDown" finished-at="2022-06-12T13:49:09 ICT" duration-ms="367" status="PASS">
          <reporter-output>
          </reporter-output>
        </test-method> <!-- tearDown -->
      </class> <!-- qaautomation.tugas4.WebTestYopMail -->
    </test> <!-- Default test -->
  </suite> <!-- Default suite -->
</testng-results>
