<?xml version="1.0" encoding="UTF-8"?>
<testng-results ignored="0" total="1" passed="1" failed="0" skipped="0">
  <reporter-output>
  </reporter-output>
  <suite started-at="2022-06-12T07:45:14Z" name="Suite" finished-at="2022-06-12T07:45:31Z" duration-ms="16281">
    <groups>
    </groups>
    <test started-at="2022-06-12T07:45:14Z" name="Test" finished-at="2022-06-12T07:45:31Z" duration-ms="16281">
      <class name="qaautomation.tugas3.WebTestSauceDemo">
        <test-method is-config="true" signature="setUp()[pri:0, instance:qaautomation.tugas3.WebTestSauceDemo@5286c33a]" started-at="2022-06-12T07:45:14Z" name="setUp" finished-at="2022-06-12T07:45:25Z" duration-ms="10457" status="PASS">
          <reporter-output>
          </reporter-output>
        </test-method> <!-- setUp -->
        <test-method signature="testLogin()[pri:0, instance:qaautomation.tugas3.WebTestSauceDemo@5286c33a]" started-at="2022-06-12T07:45:25Z" name="testLogin" finished-at="2022-06-12T07:45:30Z" duration-ms="5202" status="PASS">
          <reporter-output>
          </reporter-output>
        </test-method> <!-- testLogin -->
        <test-method is-config="true" signature="tearDown()[pri:0, instance:qaautomation.tugas3.WebTestSauceDemo@5286c33a]" started-at="2022-06-12T07:45:30Z" name="tearDown" finished-at="2022-06-12T07:45:31Z" duration-ms="158" status="PASS">
          <reporter-output>
          </reporter-output>
        </test-method> <!-- tearDown -->
      </class> <!-- qaautomation.tugas3.WebTestSauceDemo -->
    </test> <!-- Test -->
  </suite> <!-- Suite -->
</testng-results>
