<?xml version="1.0" encoding="UTF-8"?>
<testng-results ignored="0" total="4" passed="4" failed="0" skipped="0">
  <reporter-output>
  </reporter-output>
  <suite started-at="2022-06-12T13:50:17 ICT" name="Default suite" finished-at="2022-06-12T13:50:30 ICT" duration-ms="12958">
    <groups>
    </groups>
    <test started-at="2022-06-12T13:50:17 ICT" name="Default test" finished-at="2022-06-12T13:50:30 ICT" duration-ms="12958">
      <class name="qaautomation.tugas5.APITest">
        <test-method is-config="true" signature="login()[pri:0, instance:qaautomation.tugas5.APITest@74a6f9c1]" started-at="2022-06-12T13:50:17 ICT" name="login" finished-at="2022-06-12T13:50:20 ICT" duration-ms="2853" status="PASS">
          <reporter-output>
          </reporter-output>
        </test-method> <!-- login -->
        <test-method signature="registerAPI()[pri:0, instance:qaautomation.tugas5.APITest@74a6f9c1]" started-at="2022-06-12T13:50:20 ICT" name="registerAPI" finished-at="2022-06-12T13:50:25 ICT" duration-ms="4778" status="PASS">
          <reporter-output>
          </reporter-output>
        </test-method> <!-- registerAPI -->
        <test-method is-config="true" signature="login()[pri:0, instance:qaautomation.tugas5.APITest@74a6f9c1]" started-at="2022-06-12T13:50:25 ICT" name="login" finished-at="2022-06-12T13:50:25 ICT" duration-ms="97" status="PASS">
          <reporter-output>
          </reporter-output>
        </test-method> <!-- login -->
        <test-method signature="registerAPI1()[pri:0, instance:qaautomation.tugas5.APITest@74a6f9c1]" started-at="2022-06-12T13:50:25 ICT" name="registerAPI1" finished-at="2022-06-12T13:50:27 ICT" duration-ms="1648" status="PASS">
          <reporter-output>
          </reporter-output>
        </test-method> <!-- registerAPI1 -->
        <test-method is-config="true" signature="login()[pri:0, instance:qaautomation.tugas5.APITest@74a6f9c1]" started-at="2022-06-12T13:50:27 ICT" name="login" finished-at="2022-06-12T13:50:27 ICT" duration-ms="106" status="PASS">
          <reporter-output>
          </reporter-output>
        </test-method> <!-- login -->
        <test-method signature="registerAPI2()[pri:0, instance:qaautomation.tugas5.APITest@74a6f9c1]" started-at="2022-06-12T13:50:27 ICT" name="registerAPI2" finished-at="2022-06-12T13:50:28 ICT" duration-ms="1558" status="PASS">
          <reporter-output>
          </reporter-output>
        </test-method> <!-- registerAPI2 -->
        <test-method is-config="true" signature="login()[pri:0, instance:qaautomation.tugas5.APITest@74a6f9c1]" started-at="2022-06-12T13:50:28 ICT" name="login" finished-at="2022-06-12T13:50:28 ICT" duration-ms="37" status="PASS">
          <reporter-output>
          </reporter-output>
        </test-method> <!-- login -->
        <test-method signature="registerAPI3()[pri:0, instance:qaautomation.tugas5.APITest@74a6f9c1]" started-at="2022-06-12T13:50:28 ICT" name="registerAPI3" finished-at="2022-06-12T13:50:30 ICT" duration-ms="1514" status="PASS">
          <reporter-output>
          </reporter-output>
        </test-method> <!-- registerAPI3 -->
      </class> <!-- qaautomation.tugas5.APITest -->
    </test> <!-- Default test -->
  </suite> <!-- Default suite -->
</testng-results>
