<?xml version="1.0" encoding="UTF-8"?>
<!-- Generated by org.testng.reporters.JUnitXMLReporter -->
<testsuite ignored="0" hostname="DESKTOP-E11VTBO" failures="0" tests="4" name="Default test" time="13.263" errors="0" timestamp="2022-06-07T05:47:34 ICT">
  <testcase classname="qaautomation.tugas5.APITest" name="registerAPI" time="7.153"/>
  <testcase classname="qaautomation.tugas5.APITest" name="registerAPI1" time="1.534"/>
  <testcase classname="qaautomation.tugas5.APITest" name="registerAPI2" time="1.601"/>
  <testcase classname="qaautomation.tugas5.APITest" name="registerAPI3" time="1.454"/>
</testsuite> <!-- Default test -->
