<?xml version="1.0" encoding="UTF-8"?>
<!-- Generated by org.testng.reporters.JUnitXMLReporter -->
<testsuite ignored="0" hostname="DESKTOP-E11VTBO" failures="0" tests="4" name="Default test" time="12.958" errors="0" timestamp="2022-06-12T13:50:30 ICT">
  <testcase classname="qaautomation.tugas5.APITest" name="registerAPI" time="4.778"/>
  <testcase classname="qaautomation.tugas5.APITest" name="registerAPI1" time="1.648"/>
  <testcase classname="qaautomation.tugas5.APITest" name="registerAPI2" time="1.558"/>
  <testcase classname="qaautomation.tugas5.APITest" name="registerAPI3" time="1.514"/>
</testsuite> <!-- Default test -->
